<?xml version="1.0" encoding="UTF-8"?>
<!-- Generated by org.testng.reporters.JUnitXMLReporter -->
<testsuite ignored="0" hostname="LTPHYD062630646" failures="0" tests="5" name="Test" time="2.973" errors="0" timestamp="2025-05-06T14:11:46 IST">
  <testcase classname="Java_Appli_testing.Create_User" name="creat_user" time="1.567"/>
  <testcase classname="Java_Appli_testing.login_user" name="loginuser" time="0.905"/>
  <testcase classname="Java_Appli_testing.login_user" name="loginuser" time="0.133"/>
  <testcase classname="Java_Appli_testing.update_user" name="update" time="0.07"/>
  <testcase classname="Java_Appli_testing.fetch_updated_user" name="gettoken" time="0.24"/>
</testsuite> <!-- Test -->
